-------------------------------------------------------------------------------
Test set: com.my.start.MySpringBootStartAutoconfigurerApplicationTests
-------------------------------------------------------------------------------
Tests run: 1, Failures: 0, Errors: 1, Skipped: 0, Time elapsed: 0.613 s <<< FAILURE! - in com.my.start.MySpringBootStartAutoconfigurerApplicationTests
initializationError(com.my.start.MySpringBootStartAutoconfigurerApplicationTests)  Time elapsed: 0.004 s  <<< ERROR!
java.lang.IllegalStateException: Unable to find a @SpringBootConfiguration, you need to use @ContextConfiguration or @SpringBootTest(classes=...) with your test

