<?xml version="1.0" encoding="UTF-8"?>
<testsuite xmlns:xsi="http://www.w3.org/2001/XMLSchema-instance" xsi:noNamespaceSchemaLocation="https://maven.apache.org/surefire/maven-surefire-plugin/xsd/surefire-test-report.xsd" name="com.my.start.MySpringBootStartAutoconfigurerApplicationTests" time="0.613" tests="1" errors="1" skipped="0" failures="0">
  <properties>
[...]
</properties>
  <testcase name="initializationError" classname="com.my.start.MySpringBootStartAutoconfigurerApplicationTests" time="0.004">
    <error message="Unable to find a @SpringBootConfiguration, you need to use @ContextConfiguration or @SpringBootTest(classes=...) with your test" type="java.lang.IllegalStateException">java.lang.IllegalStateException: Unable to find a @SpringBootConfiguration, you need to use @ContextConfiguration or @SpringBootTest(classes=...) with your test
</error>
    <system-out><![CDATA[17:53:52.875 [main] DEBUG org.springframework.test.context.junit4.SpringJUnit4ClassRunner - SpringJUnit4ClassRunner constructor called with [class com.my.start.MySpringBootStartAutoconfigurerApplicationTests]
17:53:52.881 [main] DEBUG org.springframework.test.context.BootstrapUtils - Instantiating CacheAwareContextLoaderDelegate from class [org.springframework.test.context.cache.DefaultCacheAwareContextLoaderDelegate]
17:53:52.919 [main] DEBUG org.springframework.test.context.BootstrapUtils - Instantiating BootstrapContext using constructor [public org.springframework.test.context.support.DefaultBootstrapContext(java.lang.Class,org.springframework.test.context.CacheAwareContextLoaderDelegate)]
17:53:52.958 [main] DEBUG org.springframework.test.context.BootstrapUtils - Instantiating TestContextBootstrapper for test class [com.my.start.MySpringBootStartAutoconfigurerApplicationTests] from class [org.springframework.boot.test.context.SpringBootTestContextBootstrapper]
17:53:52.992 [main] INFO org.springframework.boot.test.context.SpringBootTestContextBootstrapper - Neither @ContextConfiguration nor @ContextHierarchy found for test class [com.my.start.MySpringBootStartAutoconfigurerApplicationTests], using SpringBootContextLoader
17:53:52.995 [main] DEBUG org.springframework.test.context.support.AbstractContextLoader - Did not detect default resource location for test class [com.my.start.MySpringBootStartAutoconfigurerApplicationTests]: class path resource [com/my/start/MySpringBootStartAutoconfigurerApplicationTests-context.xml] does not exist
17:53:52.996 [main] DEBUG org.springframework.test.context.support.AbstractContextLoader - Did not detect default resource location for test class [com.my.start.MySpringBootStartAutoconfigurerApplicationTests]: class path resource [com/my/start/MySpringBootStartAutoconfigurerApplicationTestsContext.groovy] does not exist
17:53:52.996 [main] INFO org.springframework.test.context.support.AbstractContextLoader - Could not detect default resource locations for test class [com.my.start.MySpringBootStartAutoconfigurerApplicationTests]: no resource found for suffixes {-context.xml, Context.groovy}.
17:53:52.997 [main] INFO org.springframework.test.context.support.AnnotationConfigContextLoaderUtils - Could not detect default configuration classes for test class [com.my.start.MySpringBootStartAutoconfigurerApplicationTests]: MySpringBootStartAutoconfigurerApplicationTests does not declare any static, non-private, non-final, nested classes annotated with @Configuration.
17:53:53.056 [main] DEBUG org.springframework.test.context.support.ActiveProfilesUtils - Could not find an 'annotation declaring class' for annotation type [org.springframework.test.context.ActiveProfiles] and class [com.my.start.MySpringBootStartAutoconfigurerApplicationTests]
]]></system-out>
  </testcase>
</testsuite>