<?xml version="1.0" encoding="UTF-8"?>
<testsuite xmlns:xsi="http://www.w3.org/2001/XMLSchema-instance" xsi:noNamespaceSchemaLocation="https://maven.apache.org/surefire/maven-surefire-plugin/xsd/surefire-test-report.xsd" name="com.example.springhello.SpringhelloApplicationTests" time="4.823" tests="2" errors="0" skipped="0" failures="0">
  <properties>
[...]
</properties>
  <testcase name="testHelloService" classname="com.example.springhello.SpringhelloApplicationTests" time="0.351"/>
  <testcase name="contextLoads" classname="com.example.springhello.SpringhelloApplicationTests" time="0.01"/>
</testsuite>